<?xml version="1.0" encoding="UTF-8"?>
<!-- Generated by org.testng.reporters.JUnitXMLReporter -->
<testsuite ignored="1" hostname="LAPTOP-TKGHDD60" failures="0" tests="2" name="Test" time="41.889" errors="0" timestamp="2021-10-24T12:04:56 IST">
  <testcase classname="com.gcr.scripts.Login_Logout_Excel" name="Login_Logout_ExcelTestCase" time="18.907"/>
  <testcase classname="com.gcr.scripts.Login_Logout" name="Login_LogoutTestCase" time="18.526"/>
  <testcase classname="com.gcr.config.StartBrowser" name="@BeforeTest generateReport" time="0.0">
    <ignored/>
  </testcase> <!-- @BeforeTest generateReport -->
</testsuite> <!-- Test -->
