<?xml version="1.0" encoding="UTF-8"?>
<testng-results ignored="1" total="3" passed="2" failed="0" skipped="0">
  <reporter-output>
  </reporter-output>
  <suite started-at="2021-10-24T12:04:14 IST" name="Suite" finished-at="2021-10-24T12:04:56 IST" duration-ms="41889">
    <groups>
    </groups>
    <test started-at="2021-10-24T12:04:14 IST" name="Test" finished-at="2021-10-24T12:04:56 IST" duration-ms="41889">
      <class name="com.gcr.scripts.Login_Logout">
        <test-method is-config="true" signature="beforeClass()[pri:0, instance:com.gcr.scripts.Login_Logout@306e95ec]" started-at="2021-10-24T12:04:36 IST" name="beforeClass" finished-at="2021-10-24T12:04:37 IST" duration-ms="1510" status="PASS">
          <reporter-output>
          </reporter-output>
        </test-method> <!-- beforeClass -->
        <test-method is-config="true" signature="methodName(java.lang.reflect.Method)[pri:0, instance:com.gcr.scripts.Login_Logout@306e95ec]" started-at="2021-10-24T12:04:37 IST" name="methodName" finished-at="2021-10-24T12:04:37 IST" duration-ms="1" status="PASS">
          <params>
            <param index="0">
              <value>
                <![CDATA[public void com.gcr.scripts.Login_Logout.Login_LogoutTestCase() throws java.lang.Exception]]>
              </value>
            </param>
          </params>
          <reporter-output>
          </reporter-output>
        </test-method> <!-- methodName -->
        <test-method signature="Login_LogoutTestCase()[pri:0, instance:com.gcr.scripts.Login_Logout@306e95ec]" started-at="2021-10-24T12:04:37 IST" name="Login_LogoutTestCase" finished-at="2021-10-24T12:04:56 IST" duration-ms="18526" status="PASS">
          <reporter-output>
          </reporter-output>
        </test-method> <!-- Login_LogoutTestCase -->
        <test-method is-config="true" signature="afterClass()[pri:0, instance:com.gcr.scripts.Login_Logout@306e95ec]" started-at="2021-10-24T12:04:56 IST" name="afterClass" finished-at="2021-10-24T12:04:56 IST" duration-ms="260" status="PASS">
          <reporter-output>
          </reporter-output>
        </test-method> <!-- afterClass -->
      </class> <!-- com.gcr.scripts.Login_Logout -->
      <class name="com.gcr.scripts.Login_Logout_Excel">
        <test-method is-config="true" signature="generateReport()[pri:0, instance:com.gcr.scripts.Login_Logout_Excel@25fb8912]" started-at="2021-10-24T12:04:14 IST" name="generateReport" finished-at="2021-10-24T12:04:14 IST" duration-ms="197" status="PASS">
          <reporter-output>
          </reporter-output>
        </test-method> <!-- generateReport -->
        <test-method is-config="true" signature="beforeClass()[pri:0, instance:com.gcr.scripts.Login_Logout_Excel@25fb8912]" started-at="2021-10-24T12:04:14 IST" name="beforeClass" finished-at="2021-10-24T12:04:16 IST" duration-ms="1888" status="PASS">
          <reporter-output>
          </reporter-output>
        </test-method> <!-- beforeClass -->
        <test-method is-config="true" signature="methodName(java.lang.reflect.Method)[pri:0, instance:com.gcr.scripts.Login_Logout_Excel@25fb8912]" started-at="2021-10-24T12:04:16 IST" name="methodName" finished-at="2021-10-24T12:04:16 IST" duration-ms="5" status="PASS">
          <params>
            <param index="0">
              <value>
                <![CDATA[public void com.gcr.scripts.Login_Logout_Excel.Login_Logout_ExcelTestCase() throws java.lang.Exception]]>
              </value>
            </param>
          </params>
          <reporter-output>
          </reporter-output>
        </test-method> <!-- methodName -->
        <test-method signature="Login_Logout_ExcelTestCase()[pri:0, instance:com.gcr.scripts.Login_Logout_Excel@25fb8912]" started-at="2021-10-24T12:04:16 IST" name="Login_Logout_ExcelTestCase" finished-at="2021-10-24T12:04:35 IST" duration-ms="18907" status="PASS">
          <reporter-output>
          </reporter-output>
        </test-method> <!-- Login_Logout_ExcelTestCase -->
        <test-method is-config="true" signature="afterClass()[pri:0, instance:com.gcr.scripts.Login_Logout_Excel@25fb8912]" started-at="2021-10-24T12:04:35 IST" name="afterClass" finished-at="2021-10-24T12:04:36 IST" duration-ms="546" status="PASS">
          <reporter-output>
          </reporter-output>
        </test-method> <!-- afterClass -->
      </class> <!-- com.gcr.scripts.Login_Logout_Excel -->
    </test> <!-- Test -->
  </suite> <!-- Suite -->
</testng-results>
